2017-04-20 01:05:26.739  INFO 7548 --- [main] com.school.SchoolApplication             : Starting SchoolApplication on DESKTOP-LA9BI2L with PID 7548 (D:\Works\AUBG\INF397b\Projects\school_project\target\classes started by S2501 in D:\Works\AUBG\INF397b\Projects\school_project)
2017-04-20 01:05:26.742  INFO 7548 --- [main] com.school.SchoolApplication             : No active profile set, falling back to default profiles: default
2017-04-20 01:05:26.902  INFO 7548 --- [main] ationConfigEmbeddedWebApplicationContext : Refreshing org.springframework.boot.context.embedded.AnnotationConfigEmbeddedWebApplicationContext@37918c79: startup date [Thu Apr 20 01:05:26 EEST 2017]; root of context hierarchy
2017-04-20 01:05:29.865  INFO 7548 --- [main] trationDelegate$BeanPostProcessorChecker : Bean 'org.springframework.transaction.annotation.ProxyTransactionManagementConfiguration' of type [org.springframework.transaction.annotation.ProxyTransactionManagementConfiguration$$EnhancerBySpringCGLIB$$d3568235] is not eligible for getting processed by all BeanPostProcessors (for example: not eligible for auto-proxying)
2017-04-20 01:05:30.446  INFO 7548 --- [main] s.b.c.e.t.TomcatEmbeddedServletContainer : Tomcat initialized with port(s): 8100 (http)
2017-04-20 01:05:30.463  INFO 7548 --- [main] o.apache.catalina.core.StandardService   : Starting service Tomcat
2017-04-20 01:05:30.465  INFO 7548 --- [main] org.apache.catalina.core.StandardEngine  : Starting Servlet Engine: Apache Tomcat/8.5.11
2017-04-20 01:05:30.690  INFO 7548 --- [localhost-startStop-1] o.a.c.c.C.[Tomcat].[localhost].[/]       : Initializing Spring embedded WebApplicationContext
2017-04-20 01:05:30.691  INFO 7548 --- [localhost-startStop-1] o.s.web.context.ContextLoader            : Root WebApplicationContext: initialization completed in 3793 ms
2017-04-20 01:05:31.002  INFO 7548 --- [localhost-startStop-1] o.s.b.w.servlet.ServletRegistrationBean  : Mapping servlet: 'dispatcherServlet' to [/]
2017-04-20 01:05:31.019  INFO 7548 --- [localhost-startStop-1] o.s.b.w.servlet.FilterRegistrationBean   : Mapping filter: 'characterEncodingFilter' to: [/*]
2017-04-20 01:05:31.020  INFO 7548 --- [localhost-startStop-1] o.s.b.w.servlet.FilterRegistrationBean   : Mapping filter: 'hiddenHttpMethodFilter' to: [/*]
2017-04-20 01:05:31.021  INFO 7548 --- [localhost-startStop-1] o.s.b.w.servlet.FilterRegistrationBean   : Mapping filter: 'httpPutFormContentFilter' to: [/*]
2017-04-20 01:05:31.023  INFO 7548 --- [localhost-startStop-1] o.s.b.w.servlet.FilterRegistrationBean   : Mapping filter: 'requestContextFilter' to: [/*]
2017-04-20 01:05:31.801  INFO 7548 --- [main] j.LocalContainerEntityManagerFactoryBean : Building JPA container EntityManagerFactory for persistence unit 'default'
2017-04-20 01:05:31.838  INFO 7548 --- [main] o.hibernate.jpa.internal.util.LogHelper  : HHH000204: Processing PersistenceUnitInfo [
	name: default
	...]
2017-04-20 01:05:32.021  INFO 7548 --- [main] org.hibernate.Version                    : HHH000412: Hibernate Core {5.0.12.Final}
2017-04-20 01:05:32.029  INFO 7548 --- [main] org.hibernate.cfg.Environment            : HHH000206: hibernate.properties not found
2017-04-20 01:05:32.037  INFO 7548 --- [main] org.hibernate.cfg.Environment            : HHH000021: Bytecode provider name : javassist
2017-04-20 01:05:32.099  INFO 7548 --- [main] o.hibernate.annotations.common.Version   : HCANN000001: Hibernate Commons Annotations {5.0.1.Final}
2017-04-20 01:05:32.615  INFO 7548 --- [main] org.hibernate.dialect.Dialect            : HHH000400: Using dialect: org.hibernate.dialect.PostgreSQLDialect
2017-04-20 01:05:32.991  INFO 7548 --- [main] o.h.e.j.e.i.LobCreatorBuilderImpl        : HHH000424: Disabling contextual LOB creation as createClob() method threw error : java.lang.reflect.InvocationTargetException
2017-04-20 01:05:32.995  INFO 7548 --- [main] org.hibernate.type.BasicTypeRegistry     : HHH000270: Type registration [java.util.UUID] overrides previous : org.hibernate.type.UUIDBinaryType@74174a23
2017-04-20 01:05:33.226  INFO 7548 --- [main] org.hibernate.tool.hbm2ddl.SchemaExport  : HHH000227: Running hbm2ddl schema export
2017-04-20 01:05:33.262  INFO 7548 --- [main] org.hibernate.tool.hbm2ddl.SchemaExport  : HHH000230: Schema export complete
2017-04-20 01:05:33.425  INFO 7548 --- [main] j.LocalContainerEntityManagerFactoryBean : Initialized JPA EntityManagerFactory for persistence unit 'default'
2017-04-20 01:05:34.258  INFO 7548 --- [main] s.w.s.m.m.a.RequestMappingHandlerAdapter : Looking for @ControllerAdvice: org.springframework.boot.context.embedded.AnnotationConfigEmbeddedWebApplicationContext@37918c79: startup date [Thu Apr 20 01:05:26 EEST 2017]; root of context hierarchy
2017-04-20 01:05:34.430  INFO 7548 --- [main] s.w.s.m.m.a.RequestMappingHandlerMapping : Mapped "{[/error]}" onto public org.springframework.http.ResponseEntity<java.util.Map<java.lang.String, java.lang.Object>> org.springframework.boot.autoconfigure.web.BasicErrorController.error(javax.servlet.http.HttpServletRequest)
2017-04-20 01:05:34.432  INFO 7548 --- [main] s.w.s.m.m.a.RequestMappingHandlerMapping : Mapped "{[/error],produces=[text/html]}" onto public org.springframework.web.servlet.ModelAndView org.springframework.boot.autoconfigure.web.BasicErrorController.errorHtml(javax.servlet.http.HttpServletRequest,javax.servlet.http.HttpServletResponse)
2017-04-20 01:05:34.477  INFO 7548 --- [main] o.s.w.s.handler.SimpleUrlHandlerMapping  : Mapped URL path [/webjars/**] onto handler of type [class org.springframework.web.servlet.resource.ResourceHttpRequestHandler]
2017-04-20 01:05:34.477  INFO 7548 --- [main] o.s.w.s.handler.SimpleUrlHandlerMapping  : Mapped URL path [/**] onto handler of type [class org.springframework.web.servlet.resource.ResourceHttpRequestHandler]
2017-04-20 01:05:34.712  INFO 7548 --- [main] o.s.w.s.handler.SimpleUrlHandlerMapping  : Mapped URL path [/**/favicon.ico] onto handler of type [class org.springframework.web.servlet.resource.ResourceHttpRequestHandler]
2017-04-20 01:05:35.210  INFO 7548 --- [main] o.s.j.e.a.AnnotationMBeanExporter        : Registering beans for JMX exposure on startup
2017-04-20 01:05:35.308  INFO 7548 --- [main] s.b.c.e.t.TomcatEmbeddedServletContainer : Tomcat started on port(s): 8100 (http)
2017-04-20 01:05:35.370  INFO 7548 --- [main] com.school.SchoolApplication             : Started SchoolApplication in 9.36 seconds (JVM running for 10.212)
2017-04-20 01:05:37.954  INFO 7548 --- [RMI TCP Connection(6)-10.251.132.1] inMXBeanRegistrar$SpringApplicationAdmin : Application shutdown requested.
2017-04-20 01:05:37.959  INFO 7548 --- [RMI TCP Connection(6)-10.251.132.1] ationConfigEmbeddedWebApplicationContext : Closing org.springframework.boot.context.embedded.AnnotationConfigEmbeddedWebApplicationContext@37918c79: startup date [Thu Apr 20 01:05:26 EEST 2017]; root of context hierarchy
2017-04-20 01:05:38.028  INFO 7548 --- [RMI TCP Connection(6)-10.251.132.1] o.s.j.e.a.AnnotationMBeanExporter        : Unregistering JMX-exposed beans on shutdown
2017-04-20 01:05:38.069  INFO 7548 --- [RMI TCP Connection(6)-10.251.132.1] j.LocalContainerEntityManagerFactoryBean : Closing JPA EntityManagerFactory for persistence unit 'default'
2017-04-20 01:05:38.069  INFO 7548 --- [RMI TCP Connection(6)-10.251.132.1] org.hibernate.tool.hbm2ddl.SchemaExport  : HHH000227: Running hbm2ddl schema export
2017-04-20 01:05:38.071  INFO 7548 --- [RMI TCP Connection(6)-10.251.132.1] org.hibernate.tool.hbm2ddl.SchemaExport  : HHH000230: Schema export complete
2017-04-20 01:29:55.908  INFO 4308 --- [main] com.school.SchoolApplication             : Starting SchoolApplication on DESKTOP-LA9BI2L with PID 4308 (D:\Works\AUBG\INF397b\Projects\school_project\target\classes started by S2501 in D:\Works\AUBG\INF397b\Projects\school_project)
2017-04-20 01:29:55.912  INFO 4308 --- [main] com.school.SchoolApplication             : No active profile set, falling back to default profiles: default
2017-04-20 01:29:56.421  INFO 4308 --- [main] ationConfigEmbeddedWebApplicationContext : Refreshing org.springframework.boot.context.embedded.AnnotationConfigEmbeddedWebApplicationContext@37918c79: startup date [Thu Apr 20 01:29:56 EEST 2017]; root of context hierarchy
2017-04-20 01:29:59.750  INFO 4308 --- [main] trationDelegate$BeanPostProcessorChecker : Bean 'org.springframework.transaction.annotation.ProxyTransactionManagementConfiguration' of type [org.springframework.transaction.annotation.ProxyTransactionManagementConfiguration$$EnhancerBySpringCGLIB$$1a12489a] is not eligible for getting processed by all BeanPostProcessors (for example: not eligible for auto-proxying)
2017-04-20 01:30:00.341  INFO 4308 --- [main] s.b.c.e.t.TomcatEmbeddedServletContainer : Tomcat initialized with port(s): 8100 (http)
2017-04-20 01:30:00.357  INFO 4308 --- [main] o.apache.catalina.core.StandardService   : Starting service Tomcat
2017-04-20 01:30:00.358  INFO 4308 --- [main] org.apache.catalina.core.StandardEngine  : Starting Servlet Engine: Apache Tomcat/8.5.11
2017-04-20 01:30:00.585  INFO 4308 --- [localhost-startStop-1] o.a.c.c.C.[Tomcat].[localhost].[/]       : Initializing Spring embedded WebApplicationContext
2017-04-20 01:30:00.586  INFO 4308 --- [localhost-startStop-1] o.s.web.context.ContextLoader            : Root WebApplicationContext: initialization completed in 4177 ms
2017-04-20 01:30:00.909  INFO 4308 --- [localhost-startStop-1] o.s.b.w.servlet.ServletRegistrationBean  : Mapping servlet: 'dispatcherServlet' to [/]
2017-04-20 01:30:00.914  INFO 4308 --- [localhost-startStop-1] o.s.b.w.servlet.FilterRegistrationBean   : Mapping filter: 'characterEncodingFilter' to: [/*]
2017-04-20 01:30:00.915  INFO 4308 --- [localhost-startStop-1] o.s.b.w.servlet.FilterRegistrationBean   : Mapping filter: 'hiddenHttpMethodFilter' to: [/*]
2017-04-20 01:30:00.916  INFO 4308 --- [localhost-startStop-1] o.s.b.w.servlet.FilterRegistrationBean   : Mapping filter: 'httpPutFormContentFilter' to: [/*]
2017-04-20 01:30:00.917  INFO 4308 --- [localhost-startStop-1] o.s.b.w.servlet.FilterRegistrationBean   : Mapping filter: 'requestContextFilter' to: [/*]
2017-04-20 01:30:01.563  INFO 4308 --- [main] j.LocalContainerEntityManagerFactoryBean : Building JPA container EntityManagerFactory for persistence unit 'default'
2017-04-20 01:30:01.586  INFO 4308 --- [main] o.hibernate.jpa.internal.util.LogHelper  : HHH000204: Processing PersistenceUnitInfo [
	name: default
	...]
2017-04-20 01:30:01.808  INFO 4308 --- [main] org.hibernate.Version                    : HHH000412: Hibernate Core {5.0.12.Final}
2017-04-20 01:30:01.811  INFO 4308 --- [main] org.hibernate.cfg.Environment            : HHH000206: hibernate.properties not found
2017-04-20 01:30:01.826  INFO 4308 --- [main] org.hibernate.cfg.Environment            : HHH000021: Bytecode provider name : javassist
2017-04-20 01:30:02.116  INFO 4308 --- [main] o.hibernate.annotations.common.Version   : HCANN000001: Hibernate Commons Annotations {5.0.1.Final}
2017-04-20 01:30:02.714  INFO 4308 --- [main] org.hibernate.dialect.Dialect            : HHH000400: Using dialect: org.hibernate.dialect.PostgreSQLDialect
2017-04-20 01:30:03.059  INFO 4308 --- [main] o.h.e.j.e.i.LobCreatorBuilderImpl        : HHH000424: Disabling contextual LOB creation as createClob() method threw error : java.lang.reflect.InvocationTargetException
2017-04-20 01:30:03.063  INFO 4308 --- [main] org.hibernate.type.BasicTypeRegistry     : HHH000270: Type registration [java.util.UUID] overrides previous : org.hibernate.type.UUIDBinaryType@60c8a093
2017-04-20 01:30:03.814  INFO 4308 --- [main] org.hibernate.tool.hbm2ddl.SchemaExport  : HHH000227: Running hbm2ddl schema export
2017-04-20 01:30:03.842  INFO 4308 --- [main] org.hibernate.tool.hbm2ddl.SchemaExport  : HHH000230: Schema export complete
2017-04-20 01:30:03.891  INFO 4308 --- [main] j.LocalContainerEntityManagerFactoryBean : Initialized JPA EntityManagerFactory for persistence unit 'default'
2017-04-20 01:30:04.980  INFO 4308 --- [main] s.w.s.m.m.a.RequestMappingHandlerAdapter : Looking for @ControllerAdvice: org.springframework.boot.context.embedded.AnnotationConfigEmbeddedWebApplicationContext@37918c79: startup date [Thu Apr 20 01:29:56 EEST 2017]; root of context hierarchy
2017-04-20 01:30:05.153  INFO 4308 --- [main] s.w.s.m.m.a.RequestMappingHandlerMapping : Mapped "{[/students/create]}" onto public java.util.Set<com.school.model.Student> com.school.SchoolApplication.studentCreate()
2017-04-20 01:30:05.165  INFO 4308 --- [main] s.w.s.m.m.a.RequestMappingHandlerMapping : Mapped "{[/error]}" onto public org.springframework.http.ResponseEntity<java.util.Map<java.lang.String, java.lang.Object>> org.springframework.boot.autoconfigure.web.BasicErrorController.error(javax.servlet.http.HttpServletRequest)
2017-04-20 01:30:05.166  INFO 4308 --- [main] s.w.s.m.m.a.RequestMappingHandlerMapping : Mapped "{[/error],produces=[text/html]}" onto public org.springframework.web.servlet.ModelAndView org.springframework.boot.autoconfigure.web.BasicErrorController.errorHtml(javax.servlet.http.HttpServletRequest,javax.servlet.http.HttpServletResponse)
2017-04-20 01:30:05.341  INFO 4308 --- [main] o.s.w.s.handler.SimpleUrlHandlerMapping  : Mapped URL path [/webjars/**] onto handler of type [class org.springframework.web.servlet.resource.ResourceHttpRequestHandler]
2017-04-20 01:30:05.341  INFO 4308 --- [main] o.s.w.s.handler.SimpleUrlHandlerMapping  : Mapped URL path [/**] onto handler of type [class org.springframework.web.servlet.resource.ResourceHttpRequestHandler]
2017-04-20 01:30:05.406  INFO 4308 --- [main] o.s.w.s.handler.SimpleUrlHandlerMapping  : Mapped URL path [/**/favicon.ico] onto handler of type [class org.springframework.web.servlet.resource.ResourceHttpRequestHandler]
2017-04-20 01:30:05.845  INFO 4308 --- [main] o.s.j.e.a.AnnotationMBeanExporter        : Registering beans for JMX exposure on startup
2017-04-20 01:30:05.929  INFO 4308 --- [main] s.b.c.e.t.TomcatEmbeddedServletContainer : Tomcat started on port(s): 8100 (http)
2017-04-20 01:30:05.937  INFO 4308 --- [main] com.school.SchoolApplication             : Started SchoolApplication in 10.992 seconds (JVM running for 11.902)
2017-04-20 01:30:14.986  INFO 4308 --- [http-nio-8100-exec-1] o.a.c.c.C.[Tomcat].[localhost].[/]       : Initializing Spring FrameworkServlet 'dispatcherServlet'
2017-04-20 01:30:14.986  INFO 4308 --- [http-nio-8100-exec-1] o.s.web.servlet.DispatcherServlet        : FrameworkServlet 'dispatcherServlet': initialization started
2017-04-20 01:30:15.018  INFO 4308 --- [http-nio-8100-exec-1] o.s.web.servlet.DispatcherServlet        : FrameworkServlet 'dispatcherServlet': initialization completed in 32 ms
2017-04-20 01:30:15.210 TRACE 4308 --- [http-nio-8100-exec-1] o.h.type.descriptor.sql.BasicBinder      : binding parameter [1] as [VARCHAR] - [Dimitar]
2017-04-20 01:30:15.227 TRACE 4308 --- [http-nio-8100-exec-1] o.h.type.descriptor.sql.BasicBinder      : binding parameter [1] as [VARCHAR] - [Nikolay]
2017-04-20 01:38:53.811  INFO 4308 --- [RMI TCP Connection(18)-10.251.132.1] inMXBeanRegistrar$SpringApplicationAdmin : Application shutdown requested.
2017-04-20 01:38:53.811  INFO 4308 --- [RMI TCP Connection(18)-10.251.132.1] ationConfigEmbeddedWebApplicationContext : Closing org.springframework.boot.context.embedded.AnnotationConfigEmbeddedWebApplicationContext@37918c79: startup date [Thu Apr 20 01:29:56 EEST 2017]; root of context hierarchy
2017-04-20 01:38:53.814  INFO 4308 --- [RMI TCP Connection(18)-10.251.132.1] o.s.j.e.a.AnnotationMBeanExporter        : Unregistering JMX-exposed beans on shutdown
2017-04-20 01:38:53.818  INFO 4308 --- [RMI TCP Connection(18)-10.251.132.1] j.LocalContainerEntityManagerFactoryBean : Closing JPA EntityManagerFactory for persistence unit 'default'
2017-04-20 01:38:53.818  INFO 4308 --- [RMI TCP Connection(18)-10.251.132.1] org.hibernate.tool.hbm2ddl.SchemaExport  : HHH000227: Running hbm2ddl schema export
2017-04-20 01:38:53.825  INFO 4308 --- [RMI TCP Connection(18)-10.251.132.1] org.hibernate.tool.hbm2ddl.SchemaExport  : HHH000230: Schema export complete
2017-04-20 01:51:11.500  INFO 4244 --- [main] com.school.SchoolApplication             : Starting SchoolApplication on DESKTOP-LA9BI2L with PID 4244 (D:\Works\AUBG\INF397b\Projects\school_project\target\classes started by S2501 in D:\Works\AUBG\INF397b\Projects\school_project)
2017-04-20 01:51:11.504  INFO 4244 --- [main] com.school.SchoolApplication             : No active profile set, falling back to default profiles: default
2017-04-20 01:51:11.725  INFO 4244 --- [main] ationConfigEmbeddedWebApplicationContext : Refreshing org.springframework.boot.context.embedded.AnnotationConfigEmbeddedWebApplicationContext@37918c79: startup date [Thu Apr 20 01:51:11 EEST 2017]; root of context hierarchy
2017-04-20 01:51:13.949  INFO 4244 --- [main] trationDelegate$BeanPostProcessorChecker : Bean 'org.springframework.transaction.annotation.ProxyTransactionManagementConfiguration' of type [org.springframework.transaction.annotation.ProxyTransactionManagementConfiguration$$EnhancerBySpringCGLIB$$8516a7b1] is not eligible for getting processed by all BeanPostProcessors (for example: not eligible for auto-proxying)
2017-04-20 01:51:14.470  INFO 4244 --- [main] s.b.c.e.t.TomcatEmbeddedServletContainer : Tomcat initialized with port(s): 8100 (http)
2017-04-20 01:51:14.489  INFO 4244 --- [main] o.apache.catalina.core.StandardService   : Starting service Tomcat
2017-04-20 01:51:14.490  INFO 4244 --- [main] org.apache.catalina.core.StandardEngine  : Starting Servlet Engine: Apache Tomcat/8.5.11
2017-04-20 01:51:14.735  INFO 4244 --- [localhost-startStop-1] o.a.c.c.C.[Tomcat].[localhost].[/]       : Initializing Spring embedded WebApplicationContext
2017-04-20 01:51:14.735  INFO 4244 --- [localhost-startStop-1] o.s.web.context.ContextLoader            : Root WebApplicationContext: initialization completed in 3014 ms
2017-04-20 01:51:15.017  INFO 4244 --- [localhost-startStop-1] o.s.b.w.servlet.ServletRegistrationBean  : Mapping servlet: 'dispatcherServlet' to [/]
2017-04-20 01:51:15.024  INFO 4244 --- [localhost-startStop-1] o.s.b.w.servlet.FilterRegistrationBean   : Mapping filter: 'characterEncodingFilter' to: [/*]
2017-04-20 01:51:15.025  INFO 4244 --- [localhost-startStop-1] o.s.b.w.servlet.FilterRegistrationBean   : Mapping filter: 'hiddenHttpMethodFilter' to: [/*]
2017-04-20 01:51:15.025  INFO 4244 --- [localhost-startStop-1] o.s.b.w.servlet.FilterRegistrationBean   : Mapping filter: 'httpPutFormContentFilter' to: [/*]
2017-04-20 01:51:15.027  INFO 4244 --- [localhost-startStop-1] o.s.b.w.servlet.FilterRegistrationBean   : Mapping filter: 'requestContextFilter' to: [/*]
2017-04-20 01:51:15.684  INFO 4244 --- [main] j.LocalContainerEntityManagerFactoryBean : Building JPA container EntityManagerFactory for persistence unit 'default'
2017-04-20 01:51:15.710  INFO 4244 --- [main] o.hibernate.jpa.internal.util.LogHelper  : HHH000204: Processing PersistenceUnitInfo [
	name: default
	...]
2017-04-20 01:51:15.871  INFO 4244 --- [main] org.hibernate.Version                    : HHH000412: Hibernate Core {5.0.12.Final}
2017-04-20 01:51:15.873  INFO 4244 --- [main] org.hibernate.cfg.Environment            : HHH000206: hibernate.properties not found
2017-04-20 01:51:15.876  INFO 4244 --- [main] org.hibernate.cfg.Environment            : HHH000021: Bytecode provider name : javassist
2017-04-20 01:51:15.934  INFO 4244 --- [main] o.hibernate.annotations.common.Version   : HCANN000001: Hibernate Commons Annotations {5.0.1.Final}
2017-04-20 01:51:16.456  INFO 4244 --- [main] org.hibernate.dialect.Dialect            : HHH000400: Using dialect: org.hibernate.dialect.PostgreSQLDialect
2017-04-20 01:51:16.814  INFO 4244 --- [main] o.h.e.j.e.i.LobCreatorBuilderImpl        : HHH000424: Disabling contextual LOB creation as createClob() method threw error : java.lang.reflect.InvocationTargetException
2017-04-20 01:51:16.818  INFO 4244 --- [main] org.hibernate.type.BasicTypeRegistry     : HHH000270: Type registration [java.util.UUID] overrides previous : org.hibernate.type.UUIDBinaryType@20b9d5d5
2017-04-20 01:51:17.597  INFO 4244 --- [main] org.hibernate.tool.hbm2ddl.SchemaExport  : HHH000227: Running hbm2ddl schema export
2017-04-20 01:51:17.601 ERROR 4244 --- [main] org.hibernate.tool.hbm2ddl.SchemaExport  : HHH000389: Unsuccessful: alter table student_course drop constraint FKejrkh4gv8iqgmspsanaji90ws
2017-04-20 01:51:17.601 ERROR 4244 --- [main] org.hibernate.tool.hbm2ddl.SchemaExport  : ERROR: relation "student_course" does not exist
2017-04-20 01:51:17.602 ERROR 4244 --- [main] org.hibernate.tool.hbm2ddl.SchemaExport  : HHH000389: Unsuccessful: alter table student_course drop constraint FKq7yw2wg9wlt2cnj480hcdn6dq
2017-04-20 01:51:17.602 ERROR 4244 --- [main] org.hibernate.tool.hbm2ddl.SchemaExport  : ERROR: relation "student_course" does not exist
2017-04-20 01:51:17.653  INFO 4244 --- [main] org.hibernate.tool.hbm2ddl.SchemaExport  : HHH000230: Schema export complete
2017-04-20 01:51:17.732  INFO 4244 --- [main] j.LocalContainerEntityManagerFactoryBean : Initialized JPA EntityManagerFactory for persistence unit 'default'
2017-04-20 01:51:18.712  INFO 4244 --- [main] s.w.s.m.m.a.RequestMappingHandlerAdapter : Looking for @ControllerAdvice: org.springframework.boot.context.embedded.AnnotationConfigEmbeddedWebApplicationContext@37918c79: startup date [Thu Apr 20 01:51:11 EEST 2017]; root of context hierarchy
2017-04-20 01:51:18.878  INFO 4244 --- [main] s.w.s.m.m.a.RequestMappingHandlerMapping : Mapped "{[/students/create]}" onto public java.util.Set<com.school.model.Student> com.school.SchoolApplication.studentCreate()
2017-04-20 01:51:18.886  INFO 4244 --- [main] s.w.s.m.m.a.RequestMappingHandlerMapping : Mapped "{[/error]}" onto public org.springframework.http.ResponseEntity<java.util.Map<java.lang.String, java.lang.Object>> org.springframework.boot.autoconfigure.web.BasicErrorController.error(javax.servlet.http.HttpServletRequest)
2017-04-20 01:51:18.887  INFO 4244 --- [main] s.w.s.m.m.a.RequestMappingHandlerMapping : Mapped "{[/error],produces=[text/html]}" onto public org.springframework.web.servlet.ModelAndView org.springframework.boot.autoconfigure.web.BasicErrorController.errorHtml(javax.servlet.http.HttpServletRequest,javax.servlet.http.HttpServletResponse)
2017-04-20 01:51:18.940  INFO 4244 --- [main] o.s.w.s.handler.SimpleUrlHandlerMapping  : Mapped URL path [/webjars/**] onto handler of type [class org.springframework.web.servlet.resource.ResourceHttpRequestHandler]
2017-04-20 01:51:18.940  INFO 4244 --- [main] o.s.w.s.handler.SimpleUrlHandlerMapping  : Mapped URL path [/**] onto handler of type [class org.springframework.web.servlet.resource.ResourceHttpRequestHandler]
2017-04-20 01:51:19.127  INFO 4244 --- [main] o.s.w.s.handler.SimpleUrlHandlerMapping  : Mapped URL path [/**/favicon.ico] onto handler of type [class org.springframework.web.servlet.resource.ResourceHttpRequestHandler]
2017-04-20 01:51:19.538  INFO 4244 --- [main] o.s.j.e.a.AnnotationMBeanExporter        : Registering beans for JMX exposure on startup
2017-04-20 01:51:19.628  INFO 4244 --- [main] s.b.c.e.t.TomcatEmbeddedServletContainer : Tomcat started on port(s): 8100 (http)
2017-04-20 01:51:19.634  INFO 4244 --- [main] com.school.SchoolApplication             : Started SchoolApplication in 8.829 seconds (JVM running for 9.68)
2017-04-20 01:51:25.567  INFO 4244 --- [http-nio-8100-exec-1] o.a.c.c.C.[Tomcat].[localhost].[/]       : Initializing Spring FrameworkServlet 'dispatcherServlet'
2017-04-20 01:51:25.567  INFO 4244 --- [http-nio-8100-exec-1] o.s.web.servlet.DispatcherServlet        : FrameworkServlet 'dispatcherServlet': initialization started
2017-04-20 01:51:25.599  INFO 4244 --- [http-nio-8100-exec-1] o.s.web.servlet.DispatcherServlet        : FrameworkServlet 'dispatcherServlet': initialization completed in 31 ms
2017-04-20 01:51:25.707 TRACE 4244 --- [http-nio-8100-exec-1] o.h.type.descriptor.sql.BasicBinder      : binding parameter [1] as [VARCHAR] - [Dimitar]
2017-04-20 01:51:25.722 TRACE 4244 --- [http-nio-8100-exec-1] o.h.type.descriptor.sql.BasicBinder      : binding parameter [1] as [VARCHAR] - [INF397b]
2017-04-20 01:51:25.727 TRACE 4244 --- [http-nio-8100-exec-1] o.h.type.descriptor.sql.BasicBinder      : binding parameter [1] as [VARCHAR] - [COS397b]
2017-04-20 01:51:25.729 TRACE 4244 --- [http-nio-8100-exec-1] o.h.type.descriptor.sql.BasicBinder      : binding parameter [1] as [VARCHAR] - [Nikolay]
2017-04-20 01:51:25.758 TRACE 4244 --- [http-nio-8100-exec-1] o.h.type.descriptor.sql.BasicBinder      : binding parameter [1] as [INTEGER] - [1]
2017-04-20 01:51:25.760 TRACE 4244 --- [http-nio-8100-exec-1] o.h.type.descriptor.sql.BasicBinder      : binding parameter [2] as [INTEGER] - [1]
2017-04-20 01:51:25.767 TRACE 4244 --- [http-nio-8100-exec-1] o.h.type.descriptor.sql.BasicBinder      : binding parameter [1] as [INTEGER] - [1]
2017-04-20 01:51:25.767 TRACE 4244 --- [http-nio-8100-exec-1] o.h.type.descriptor.sql.BasicBinder      : binding parameter [2] as [INTEGER] - [2]
2017-04-20 02:09:52.722  INFO 4244 --- [RMI TCP Connection(27)-10.251.132.1] inMXBeanRegistrar$SpringApplicationAdmin : Application shutdown requested.
2017-04-20 02:09:52.722  INFO 4244 --- [RMI TCP Connection(27)-10.251.132.1] ationConfigEmbeddedWebApplicationContext : Closing org.springframework.boot.context.embedded.AnnotationConfigEmbeddedWebApplicationContext@37918c79: startup date [Thu Apr 20 01:51:11 EEST 2017]; root of context hierarchy
2017-04-20 02:09:52.724  INFO 4244 --- [RMI TCP Connection(27)-10.251.132.1] o.s.j.e.a.AnnotationMBeanExporter        : Unregistering JMX-exposed beans on shutdown
2017-04-20 02:09:52.733  INFO 4244 --- [RMI TCP Connection(27)-10.251.132.1] j.LocalContainerEntityManagerFactoryBean : Closing JPA EntityManagerFactory for persistence unit 'default'
2017-04-20 02:09:52.737  INFO 4244 --- [RMI TCP Connection(27)-10.251.132.1] org.hibernate.tool.hbm2ddl.SchemaExport  : HHH000227: Running hbm2ddl schema export
2017-04-20 02:09:52.759  INFO 4244 --- [RMI TCP Connection(27)-10.251.132.1] org.hibernate.tool.hbm2ddl.SchemaExport  : HHH000230: Schema export complete
